<?xml version="1.0" encoding="UTF-8"?>
<!-- Generated by org.testng.reporters.JUnitReportReporter -->
<testsuite skipped="1" hostname="Ruslan" name="com.commondeer.retailtest.GoogleSheetForLogInTest" tests="4" failures="0" timestamp="31 Dec 2018 17:49:04 GMT" time="23.222" errors="0">
  <testcase name="invalidSignin" time="8.009" classname="com.commondeer.retailtest.GoogleSheetForLogInTest"/>
  <testcase name="invalidSignin" time="7.252" classname="com.commondeer.retailtest.GoogleSheetForLogInTest"/>
  <testcase name="invalidSignin" time="7.961" classname="com.commondeer.retailtest.GoogleSheetForLogInTest"/>
  <testcase name="invalidSigninByGoogleSheetApi" classname="com.commondeer.retailtest.GoogleSheetForLogInTest">
    <skipped/>
  </testcase> <!-- invalidSigninByGoogleSheetApi -->
</testsuite> <!-- com.commondeer.retailtest.GoogleSheetForLogInTest -->
