<?xml version="1.0" encoding="UTF-8"?>
<!-- Generated by org.testng.reporters.JUnitReportReporter -->
<testsuite skipped="0" hostname="Ruslan" name="com.commondeer.retailtest.CustomerInformationPageTest" tests="4" failures="0" timestamp="31 Dec 2018 17:49:04 GMT" time="94.022" errors="0">
  <testcase name="invalidPromoCode" time="31.673" classname="com.commondeer.retailtest.CustomerInformationPageTest"/>
  <testcase name="invalidPromoCode" time="20.920" classname="com.commondeer.retailtest.CustomerInformationPageTest"/>
  <testcase name="invalidPromoCode" time="21.564" classname="com.commondeer.retailtest.CustomerInformationPageTest"/>
  <testcase name="invalidPromoCode" time="19.865" classname="com.commondeer.retailtest.CustomerInformationPageTest"/>
</testsuite> <!-- com.commondeer.retailtest.CustomerInformationPageTest -->
