<?xml version="1.0" encoding="UTF-8"?>
<!-- Generated by org.testng.reporters.JUnitReportReporter -->
<testsuite skipped="0" hostname="Ruslan" name="com.commondeer.retailtest.HomePageTest" tests="1" failures="0" timestamp="31 Oct 2020 17:09:15 GMT" time="11.981" errors="0">
  <testcase name="searchTest2" time="11.981" classname="com.commondeer.retailtest.HomePageTest"/>
</testsuite> <!-- com.commondeer.retailtest.HomePageTest -->
