<?xml version="1.0" encoding="UTF-8"?>
<!-- Generated by org.testng.reporters.JUnitReportReporter -->
<testsuite skipped="0" hostname="Ruslan" name="com.commondeer.retailtest.ShoppingCardTest" tests="1" failures="0" timestamp="28 Dec 2018 08:15:07 GMT" time="14.636" errors="0">
  <testcase name="checkOutFuncTest" time="14.636" classname="com.commondeer.retailtest.ShoppingCardTest"/>
</testsuite> <!-- com.commondeer.retailtest.ShoppingCardTest -->
