<?xml version="1.0" encoding="UTF-8"?>
<!-- Generated by org.testng.reporters.JUnitReportReporter -->
<testsuite skipped="0" hostname="Ruslan" name="com.commondeer.retailtest.HomePageTest" tests="2" failures="0" timestamp="31 Dec 2018 02:23:06 GMT" time="13.902" errors="0">
  <testcase name="searchTest" time="7.803" classname="com.commondeer.retailtest.HomePageTest"/>
  <testcase name="dropDownSearchFuncTest" time="6.099" classname="com.commondeer.retailtest.HomePageTest"/>
</testsuite> <!-- com.commondeer.retailtest.HomePageTest -->
