<?xml version="1.0" encoding="UTF-8"?>
<!-- Generated by org.testng.reporters.JUnitReportReporter -->
<testsuite skipped="0" hostname="Ruslan" name="com.commondeer.retailtest.LoginTest" tests="1" failures="0" timestamp="28 Dec 2018 08:15:07 GMT" time="9.231" errors="0">
  <testcase name="loginTest" time="9.231" classname="com.commondeer.retailtest.LoginTest"/>
</testsuite> <!-- com.commondeer.retailtest.LoginTest -->
