<?xml version="1.0" encoding="UTF-8"?>
<!-- Generated by org.testng.reporters.JUnitReportReporter -->
<testsuite skipped="0" hostname="Ruslan" name="com.commondeer.retailtest.ShoppingCardTest" tests="1" failures="0" timestamp="31 Dec 2018 17:49:04 GMT" time="15.423" errors="0">
  <testcase name="checkOutFuncTest" time="15.423" classname="com.commondeer.retailtest.ShoppingCardTest"/>
</testsuite> <!-- com.commondeer.retailtest.ShoppingCardTest -->
