<?xml version="1.0" encoding="UTF-8"?>
<!-- Generated by org.testng.reporters.JUnitReportReporter -->
<testsuite skipped="0" hostname="Ruslan" name="com.commondeer.retailtest.CreateAccountTest" tests="1" failures="0" timestamp="31 Dec 2018 02:23:06 GMT" time="7.816" errors="0">
  <testcase name="createNewAccountTest" time="7.816" classname="com.commondeer.retailtest.CreateAccountTest"/>
</testsuite> <!-- com.commondeer.retailtest.CreateAccountTest -->
