<?xml version="1.0" encoding="UTF-8"?>
<!-- Generated by org.testng.reporters.JUnitReportReporter -->
<testsuite skipped="0" hostname="Ruslan" name="com.commondeer.retailtest.HomePageTest" tests="2" failures="0" timestamp="28 Dec 2018 08:15:07 GMT" time="19.037" errors="0">
  <testcase name="searchTest" time="10.095" classname="com.commondeer.retailtest.HomePageTest"/>
  <testcase name="dropDownSearchFuncTest" time="8.942" classname="com.commondeer.retailtest.HomePageTest"/>
</testsuite> <!-- com.commondeer.retailtest.HomePageTest -->
