<?xml version="1.0" encoding="UTF-8"?>
<!-- Generated by org.testng.reporters.JUnitReportReporter -->
<testsuite skipped="0" hostname="Ruslan" name="com.commondeer.retailtest.LoginTest" tests="3" failures="0" timestamp="31 Dec 2018 17:49:04 GMT" time="25.282" errors="0">
  <testcase name="invalidSignin" time="7.797" classname="com.commondeer.retailtest.LoginTest"/>
  <testcase name="invalidSignin" time="8.590" classname="com.commondeer.retailtest.LoginTest"/>
  <testcase name="invalidSignin" time="8.895" classname="com.commondeer.retailtest.LoginTest"/>
</testsuite> <!-- com.commondeer.retailtest.LoginTest -->
