<?xml version="1.0" encoding="UTF-8"?>
<!-- Generated by org.testng.reporters.JUnitReportReporter -->
<testsuite skipped="0" hostname="Ruslan" name="com.commondeer.retailtest.CreateAccountTest" tests="1" failures="0" timestamp="28 Dec 2018 08:15:07 GMT" time="11.053" errors="0">
  <testcase name="createNewAccountTest" time="11.053" classname="com.commondeer.retailtest.CreateAccountTest"/>
</testsuite> <!-- com.commondeer.retailtest.CreateAccountTest -->
