<?xml version="1.0" encoding="UTF-8"?>
<!-- Generated by org.testng.reporters.JUnitReportReporter -->
<testsuite skipped="0" hostname="Ruslan" name="com.commondeer.retailtest.AllProductPageTest" tests="2" failures="0" timestamp="28 Dec 2018 08:15:07 GMT" time="21.240" errors="0">
  <testcase name="sortByTest" time="10.686" classname="com.commondeer.retailtest.AllProductPageTest"/>
  <testcase name="selectItemToshoppingListTest" time="10.554" classname="com.commondeer.retailtest.AllProductPageTest"/>
</testsuite> <!-- com.commondeer.retailtest.AllProductPageTest -->
