<?xml version="1.0" encoding="UTF-8"?>
<!-- Generated by org.testng.reporters.JUnitReportReporter -->
<testsuite skipped="0" hostname="Ruslan" name="com.commondeer.retailtest.CustomerInformationPageTest" tests="1" failures="0" timestamp="28 Dec 2018 08:15:07 GMT" time="21.667" errors="0">
  <testcase name="customerFillInfoPageTest" time="21.667" classname="com.commondeer.retailtest.CustomerInformationPageTest"/>
</testsuite> <!-- com.commondeer.retailtest.CustomerInformationPageTest -->
