<?xml version="1.0" encoding="UTF-8"?>
<!-- Generated by org.testng.reporters.JUnitReportReporter -->
<testsuite skipped="0" hostname="Ruslan" name="com.commondeer.retailtest.LoginTest" tests="3" failures="0" timestamp="31 Dec 2018 02:23:06 GMT" time="23.615" errors="0">
  <testcase name="invalidSignin" time="7.933" classname="com.commondeer.retailtest.LoginTest"/>
  <testcase name="invalidSignin" time="8.337" classname="com.commondeer.retailtest.LoginTest"/>
  <testcase name="invalidSignin" time="7.345" classname="com.commondeer.retailtest.LoginTest"/>
</testsuite> <!-- com.commondeer.retailtest.LoginTest -->
