<?xml version="1.0" encoding="UTF-8"?>
<!-- Generated by org.testng.reporters.JUnitReportReporter -->
<testsuite skipped="0" hostname="Ruslan" name="com.commondeer.retailtest.CustomerInformationPageTest" tests="4" failures="0" timestamp="31 Dec 2018 02:23:06 GMT" time="95.828" errors="0">
  <testcase name="invalidPromoCode" time="31.573" classname="com.commondeer.retailtest.CustomerInformationPageTest"/>
  <testcase name="invalidPromoCode" time="26.555" classname="com.commondeer.retailtest.CustomerInformationPageTest"/>
  <testcase name="invalidPromoCode" time="18.689" classname="com.commondeer.retailtest.CustomerInformationPageTest"/>
  <testcase name="invalidPromoCode" time="19.011" classname="com.commondeer.retailtest.CustomerInformationPageTest"/>
</testsuite> <!-- com.commondeer.retailtest.CustomerInformationPageTest -->
