<?xml version="1.0" encoding="UTF-8"?>
<!-- Generated by org.testng.reporters.JUnitReportReporter -->
<testsuite skipped="0" hostname="Ruslan" name="com.commondeer.retailtest.FootterPageTest" tests="1" failures="0" timestamp="28 Dec 2018 08:15:07 GMT" time="7.821" errors="0">
  <testcase name="countLiTest" time="7.821" classname="com.commondeer.retailtest.FootterPageTest"/>
</testsuite> <!-- com.commondeer.retailtest.FootterPageTest -->
