<?xml version="1.0" encoding="UTF-8"?>
<!-- Generated by org.testng.reporters.JUnitReportReporter -->
<testsuite skipped="0" hostname="Ruslan" name="com.commondeer.retailtest.AllProductPageTest" tests="2" failures="0" timestamp="31 Dec 2018 02:23:06 GMT" time="17.989" errors="0">
  <testcase name="sortByTest" time="8.994" classname="com.commondeer.retailtest.AllProductPageTest"/>
  <testcase name="selectItemToshoppingListTest" time="8.995" classname="com.commondeer.retailtest.AllProductPageTest"/>
</testsuite> <!-- com.commondeer.retailtest.AllProductPageTest -->
