<?xml version="1.0" encoding="UTF-8"?>
<!-- Generated by org.testng.reporters.JUnitReportReporter -->
<testsuite skipped="0" hostname="Ruslan" name="com.commondeer.retailtest.FootterPageTest" tests="1" failures="0" timestamp="31 Dec 2018 02:23:06 GMT" time="5.735" errors="0">
  <testcase name="countLiTest" time="5.735" classname="com.commondeer.retailtest.FootterPageTest"/>
</testsuite> <!-- com.commondeer.retailtest.FootterPageTest -->
