<?xml version="1.0" encoding="UTF-8"?>
<!-- Generated by org.testng.reporters.JUnitReportReporter -->
<testsuite skipped="0" hostname="Ruslan" name="com.commondeer.retailtest.HomePageTest" tests="2" failures="0" timestamp="31 Dec 2018 17:49:04 GMT" time="14.569" errors="0">
  <testcase name="searchTest" time="7.814" classname="com.commondeer.retailtest.HomePageTest"/>
  <testcase name="dropDownSearchFuncTest" time="6.755" classname="com.commondeer.retailtest.HomePageTest"/>
</testsuite> <!-- com.commondeer.retailtest.HomePageTest -->
