<?xml version="1.0" encoding="UTF-8"?>
<!-- Generated by org.testng.reporters.JUnitReportReporter -->
<testsuite skipped="0" hostname="Ruslan" name="com.commondeer.retailtest.AllProductPageTest" tests="2" failures="0" timestamp="31 Dec 2018 17:49:04 GMT" time="17.919" errors="0">
  <testcase name="sortByTest" time="8.133" classname="com.commondeer.retailtest.AllProductPageTest"/>
  <testcase name="selectItemToshoppingListTest" time="9.786" classname="com.commondeer.retailtest.AllProductPageTest"/>
</testsuite> <!-- com.commondeer.retailtest.AllProductPageTest -->
