<?xml version="1.0" encoding="UTF-8"?>
<testsuite xmlns:xsi="http://www.w3.org/2001/XMLSchema-instance" xsi:noNamespaceSchemaLocation="https://maven.apache.org/surefire/maven-surefire-plugin/xsd/surefire-test-report.xsd" name="TestSuite" time="206.85" tests="17" errors="0" skipped="0" failures="0">
  <properties>
    <property name="sun.desktop" value="windows"/>
    <property name="awt.toolkit" value="sun.awt.windows.WToolkit"/>
    <property name="file.encoding.pkg" value="sun.io"/>
    <property name="java.specification.version" value="1.8"/>
    <property name="sun.cpu.isalist" value="amd64"/>
    <property name="sun.jnu.encoding" value="Cp1252"/>
    <property name="java.class.path" value="C:\Users\agaev\Desktop\commondeer.com\toExecute\target\test-classes;C:\Users\agaev\Desktop\commondeer.com\toExecute\target\classes;C:\Users\agaev\.m2\repository\com\webautomation\nov18\generic\1.0-SNAPSHOT\generic-1.0-SNAPSHOT.jar;C:\Users\agaev\.m2\repository\org\seleniumhq\selenium\selenium-api\3.141.59\selenium-api-3.141.59.jar;C:\Users\agaev\.m2\repository\org\seleniumhq\selenium\selenium-support\3.141.59\selenium-support-3.141.59.jar;C:\Users\agaev\.m2\repository\org\seleniumhq\selenium\selenium-remote-driver\3.141.59\selenium-remote-driver-3.141.59.jar;C:\Users\agaev\.m2\repository\net\bytebuddy\byte-buddy\1.8.15\byte-buddy-1.8.15.jar;C:\Users\agaev\.m2\repository\org\apache\commons\commons-exec\1.3\commons-exec-1.3.jar;C:\Users\agaev\.m2\repository\com\google\guava\guava\25.0-jre\guava-25.0-jre.jar;C:\Users\agaev\.m2\repository\org\checkerframework\checker-compat-qual\2.0.0\checker-compat-qual-2.0.0.jar;C:\Users\agaev\.m2\repository\com\google\errorprone\error_prone_annotations\2.1.3\error_prone_annotations-2.1.3.jar;C:\Users\agaev\.m2\repository\com\google\j2objc\j2objc-annotations\1.1\j2objc-annotations-1.1.jar;C:\Users\agaev\.m2\repository\org\codehaus\mojo\animal-sniffer-annotations\1.14\animal-sniffer-annotations-1.14.jar;C:\Users\agaev\.m2\repository\com\squareup\okhttp3\okhttp\3.11.0\okhttp-3.11.0.jar;C:\Users\agaev\.m2\repository\com\squareup\okio\okio\1.14.0\okio-1.14.0.jar;C:\Users\agaev\.m2\repository\junit\junit\4.12\junit-4.12.jar;C:\Users\agaev\.m2\repository\org\hamcrest\hamcrest-core\1.3\hamcrest-core-1.3.jar;C:\Users\agaev\.m2\repository\com\beust\jcommander\1.72\jcommander-1.72.jar;C:\Users\agaev\.m2\repository\org\sonatype\sisu\sisu-inject-bean\1.4.2\sisu-inject-bean-1.4.2.jar;C:\Users\agaev\.m2\repository\org\sonatype\sisu\sisu-guice\2.1.7\sisu-guice-2.1.7-noaop.jar;C:\Users\agaev\.m2\repository\org\testng\testng\6.11\testng-6.11.jar;C:\Users\agaev\.m2\repository\org\yaml\snakeyaml\1.17\snakeyaml-1.17.jar;C:\Users\agaev\.m2\repository\com\google\code\findbugs\jsr305\1.3.9\jsr305-1.3.9.jar;C:\Users\agaev\.m2\repository\org\seleniumhq\selenium\selenium-chrome-driver\3.141.0\selenium-chrome-driver-3.141.0.jar;C:\Users\agaev\.m2\repository\org\seleniumhq\selenium\selenium-firefox-driver\3.141.0\selenium-firefox-driver-3.141.0.jar;C:\Users\agaev\Desktop\commondeer.com\generic\target\classes;C:\Users\agaev\.m2\repository\org\seleniumhq\selenium\selenium-java\3.14.0\selenium-java-3.14.0.jar;C:\Users\agaev\.m2\repository\org\seleniumhq\selenium\selenium-edge-driver\3.14.0\selenium-edge-driver-3.14.0.jar;C:\Users\agaev\.m2\repository\org\seleniumhq\selenium\selenium-ie-driver\3.14.0\selenium-ie-driver-3.14.0.jar;C:\Users\agaev\.m2\repository\org\seleniumhq\selenium\selenium-opera-driver\3.14.0\selenium-opera-driver-3.14.0.jar;C:\Users\agaev\.m2\repository\org\seleniumhq\selenium\selenium-safari-driver\3.14.0\selenium-safari-driver-3.14.0.jar;C:\Users\agaev\.m2\repository\commons-codec\commons-codec\1.10\commons-codec-1.10.jar;C:\Users\agaev\.m2\repository\commons-logging\commons-logging\1.2\commons-logging-1.2.jar;C:\Users\agaev\.m2\repository\org\apache\httpcomponents\httpclient\4.5.5\httpclient-4.5.5.jar;C:\Users\agaev\.m2\repository\org\apache\httpcomponents\httpcore\4.4.9\httpcore-4.4.9.jar;C:\Users\agaev\.m2\repository\org\apache\maven\plugins\maven-surefire-plugin\2.20.1\maven-surefire-plugin-2.20.1.jar;C:\Users\agaev\.m2\repository\org\apache\maven\surefire\maven-surefire-common\2.20.1\maven-surefire-common-2.20.1.jar;C:\Users\agaev\.m2\repository\org\apache\maven\maven-plugin-api\2.2.1\maven-plugin-api-2.2.1.jar;C:\Users\agaev\.m2\repository\org\apache\maven\plugin-tools\maven-plugin-annotations\3.3\maven-plugin-annotations-3.3.jar;C:\Users\agaev\.m2\repository\org\apache\maven\surefire\surefire-api\2.20.1\surefire-api-2.20.1.jar;C:\Users\agaev\.m2\repository\org\apache\maven\surefire\surefire-logger-api\2.20.1\surefire-logger-api-2.20.1.jar;C:\Users\agaev\.m2\repository\org\apache\maven\surefire\surefire-booter\2.20.1\surefire-booter-2.20.1.jar;C:\Users\agaev\.m2\repository\org\apache\maven\maven-artifact\2.2.1\maven-artifact-2.2.1.jar;C:\Users\agaev\.m2\repository\org\codehaus\plexus\plexus-utils\1.5.15\plexus-utils-1.5.15.jar;C:\Users\agaev\.m2\repository\org\apache\maven\maven-plugin-descriptor\2.2.1\maven-plugin-descriptor-2.2.1.jar;C:\Users\agaev\.m2\repository\org\codehaus\plexus\plexus-container-default\1.0-alpha-9-stable-1\plexus-container-default-1.0-alpha-9-stable-1.jar;C:\Users\agaev\.m2\repository\org\apache\maven\maven-project\2.2.1\maven-project-2.2.1.jar;C:\Users\agaev\.m2\repository\org\apache\maven\maven-settings\2.2.1\maven-settings-2.2.1.jar;C:\Users\agaev\.m2\repository\org\apache\maven\maven-profile\2.2.1\maven-profile-2.2.1.jar;C:\Users\agaev\.m2\repository\org\apache\maven\maven-artifact-manager\2.2.1\maven-artifact-manager-2.2.1.jar;C:\Users\agaev\.m2\repository\backport-util-concurrent\backport-util-concurrent\3.1\backport-util-concurrent-3.1.jar;C:\Users\agaev\.m2\repository\org\apache\maven\maven-plugin-registry\2.2.1\maven-plugin-registry-2.2.1.jar;C:\Users\agaev\.m2\repository\org\codehaus\plexus\plexus-interpolation\1.11\plexus-interpolation-1.11.jar;C:\Users\agaev\.m2\repository\org\apache\maven\maven-model\2.2.1\maven-model-2.2.1.jar;C:\Users\agaev\.m2\repository\org\apache\maven\maven-core\2.2.1\maven-core-2.2.1.jar;C:\Users\agaev\.m2\repository\org\apache\maven\maven-plugin-parameter-documenter\2.2.1\maven-plugin-parameter-documenter-2.2.1.jar;C:\Users\agaev\.m2\repository\org\apache\maven\wagon\wagon-http\1.0-beta-6\wagon-http-1.0-beta-6.jar;C:\Users\agaev\.m2\repository\org\apache\maven\wagon\wagon-http-shared\1.0-beta-6\wagon-http-shared-1.0-beta-6.jar;C:\Users\agaev\.m2\repository\nekohtml\xercesMinimal\1.9.6.2\xercesMinimal-1.9.6.2.jar;C:\Users\agaev\.m2\repository\nekohtml\nekohtml\1.9.6.2\nekohtml-1.9.6.2.jar;C:\Users\agaev\.m2\repository\commons-httpclient\commons-httpclient\3.1\commons-httpclient-3.1.jar;C:\Users\agaev\.m2\repository\org\apache\maven\wagon\wagon-webdav-jackrabbit\1.0-beta-6\wagon-webdav-jackrabbit-1.0-beta-6.jar;C:\Users\agaev\.m2\repository\org\apache\jackrabbit\jackrabbit-webdav\1.5.0\jackrabbit-webdav-1.5.0.jar;C:\Users\agaev\.m2\repository\org\apache\jackrabbit\jackrabbit-jcr-commons\1.5.0\jackrabbit-jcr-commons-1.5.0.jar;C:\Users\agaev\.m2\repository\org\slf4j\slf4j-nop\1.5.3\slf4j-nop-1.5.3.jar;C:\Users\agaev\.m2\repository\org\slf4j\slf4j-jdk14\1.5.6\slf4j-jdk14-1.5.6.jar;C:\Users\agaev\.m2\repository\org\slf4j\slf4j-api\1.5.6\slf4j-api-1.5.6.jar;C:\Users\agaev\.m2\repository\org\slf4j\jcl-over-slf4j\1.5.6\jcl-over-slf4j-1.5.6.jar;C:\Users\agaev\.m2\repository\org\apache\maven\reporting\maven-reporting-api\2.2.1\maven-reporting-api-2.2.1.jar;C:\Users\agaev\.m2\repository\org\apache\maven\doxia\doxia-logging-api\1.1\doxia-logging-api-1.1.jar;C:\Users\agaev\.m2\repository\org\apache\maven\wagon\wagon-provider-api\1.0-beta-6\wagon-provider-api-1.0-beta-6.jar;C:\Users\agaev\.m2\repository\org\apache\maven\maven-repository-metadata\2.2.1\maven-repository-metadata-2.2.1.jar;C:\Users\agaev\.m2\repository\org\apache\maven\maven-error-diagnostics\2.2.1\maven-error-diagnostics-2.2.1.jar;C:\Users\agaev\.m2\repository\org\apache\maven\maven-monitor\2.2.1\maven-monitor-2.2.1.jar;C:\Users\agaev\.m2\repository\classworlds\classworlds\1.1\classworlds-1.1.jar;C:\Users\agaev\.m2\repository\org\sonatype\plexus\plexus-sec-dispatcher\1.3\plexus-sec-dispatcher-1.3.jar;C:\Users\agaev\.m2\repository\org\sonatype\plexus\plexus-cipher\1.4\plexus-cipher-1.4.jar;C:\Users\agaev\.m2\repository\org\apache\maven\maven-toolchain\2.2.1\maven-toolchain-2.2.1.jar;C:\Users\agaev\.m2\repository\org\apache\poi\poi\3.17\poi-3.17.jar;C:\Users\agaev\.m2\repository\org\apache\commons\commons-collections4\4.1\commons-collections4-4.1.jar;C:\Users\agaev\.m2\repository\org\apache\poi\poi-ooxml\3.17\poi-ooxml-3.17.jar;C:\Users\agaev\.m2\repository\org\apache\poi\poi-ooxml-schemas\3.17\poi-ooxml-schemas-3.17.jar;C:\Users\agaev\.m2\repository\org\apache\xmlbeans\xmlbeans\2.6.0\xmlbeans-2.6.0.jar;C:\Users\agaev\.m2\repository\stax\stax-api\1.0.1\stax-api-1.0.1.jar;C:\Users\agaev\.m2\repository\com\github\virtuald\curvesapi\1.04\curvesapi-1.04.jar;C:\Users\agaev\.m2\repository\com\aventstack\extentreports\3.0.7\extentreports-3.0.7.jar;C:\Users\agaev\.m2\repository\org\freemarker\freemarker\2.3.23\freemarker-2.3.23.jar;C:\Users\agaev\.m2\repository\org\mongodb\mongodb-driver\3.3.0\mongodb-driver-3.3.0.jar;C:\Users\agaev\.m2\repository\org\mongodb\bson\3.3.0\bson-3.3.0.jar;C:\Users\agaev\.m2\repository\org\mongodb\mongodb-driver-core\3.3.0\mongodb-driver-core-3.3.0.jar;C:\Users\agaev\.m2\repository\org\apache\httpcomponents\httpmime\4.5.2\httpmime-4.5.2.jar;C:\Users\agaev\.m2\repository\org\jsoup\jsoup\1.9.2\jsoup-1.9.2.jar;C:\Users\agaev\.m2\repository\com\google\code\gson\gson\2.8.0\gson-2.8.0.jar;C:\Users\agaev\.m2\repository\com\relevantcodes\extentreports\2.41.1\extentreports-2.41.1.jar;C:\Users\agaev\.m2\repository\org\xerial\sqlite-jdbc\3.8.11.1\sqlite-jdbc-3.8.11.1.jar;C:\Users\agaev\.m2\repository\com\google\api-client\google-api-client\1.23.0\google-api-client-1.23.0.jar;C:\Users\agaev\.m2\repository\com\google\oauth-client\google-oauth-client\1.23.0\google-oauth-client-1.23.0.jar;C:\Users\agaev\.m2\repository\com\google\http-client\google-http-client\1.23.0\google-http-client-1.23.0.jar;C:\Users\agaev\.m2\repository\com\google\http-client\google-http-client-jackson2\1.23.0\google-http-client-jackson2-1.23.0.jar;C:\Users\agaev\.m2\repository\com\fasterxml\jackson\core\jackson-core\2.1.3\jackson-core-2.1.3.jar;C:\Users\agaev\.m2\repository\com\google\guava\guava-jdk5\17.0\guava-jdk5-17.0.jar;C:\Users\agaev\.m2\repository\com\google\oauth-client\google-oauth-client-jetty\1.23.0\google-oauth-client-jetty-1.23.0.jar;C:\Users\agaev\.m2\repository\com\google\oauth-client\google-oauth-client-java6\1.23.0\google-oauth-client-java6-1.23.0.jar;C:\Users\agaev\.m2\repository\org\mortbay\jetty\jetty\6.1.26\jetty-6.1.26.jar;C:\Users\agaev\.m2\repository\org\mortbay\jetty\jetty-util\6.1.26\jetty-util-6.1.26.jar;C:\Users\agaev\.m2\repository\org\mortbay\jetty\servlet-api\2.5-20081211\servlet-api-2.5-20081211.jar;C:\Users\agaev\.m2\repository\com\google\apis\google-api-services-sheets\v4-rev498-1.23.0\google-api-services-sheets-v4-rev498-1.23.0.jar;C:\Users\agaev\.m2\repository\org\apache\maven\surefire\surefire-testng-utils\2.20.1\surefire-testng-utils-2.20.1.jar;C:\Users\agaev\.m2\repository\org\apache\maven\surefire\surefire-grouper\2.20.1\surefire-grouper-2.20.1.jar;"/>
    <property name="java.vm.vendor" value="Oracle Corporation"/>
    <property name="sun.arch.data.model" value="64"/>
    <property name="user.variant" value=""/>
    <property name="java.vendor.url" value="http://java.oracle.com/"/>
    <property name="user.timezone" value=""/>
    <property name="java.vm.specification.version" value="1.8"/>
    <property name="os.name" value="Windows 10"/>
    <property name="user.country" value="US"/>
    <property name="sun.java.launcher" value="SUN_STANDARD"/>
    <property name="sun.boot.library.path" value="C:\Program Files\Java\jdk1.8.0_192\jre\bin"/>
    <property name="sun.java.command" value="C:\Users\agaev\AppData\Local\Temp\surefire3136433681549152829\surefirebooter180240751836409179.jar C:\Users\agaev\AppData\Local\Temp\surefire3136433681549152829 2018-12-30T21-19-38_257-jvmRun1 surefire2818503448029032395tmp surefire_05515080400597775562tmp"/>
    <property name="surefire.test.class.path" value="C:\Users\agaev\Desktop\commondeer.com\toExecute\target\test-classes;C:\Users\agaev\Desktop\commondeer.com\toExecute\target\classes;C:\Users\agaev\.m2\repository\com\webautomation\nov18\generic\1.0-SNAPSHOT\generic-1.0-SNAPSHOT.jar;C:\Users\agaev\.m2\repository\org\seleniumhq\selenium\selenium-api\3.141.59\selenium-api-3.141.59.jar;C:\Users\agaev\.m2\repository\org\seleniumhq\selenium\selenium-support\3.141.59\selenium-support-3.141.59.jar;C:\Users\agaev\.m2\repository\org\seleniumhq\selenium\selenium-remote-driver\3.141.59\selenium-remote-driver-3.141.59.jar;C:\Users\agaev\.m2\repository\net\bytebuddy\byte-buddy\1.8.15\byte-buddy-1.8.15.jar;C:\Users\agaev\.m2\repository\org\apache\commons\commons-exec\1.3\commons-exec-1.3.jar;C:\Users\agaev\.m2\repository\com\google\guava\guava\25.0-jre\guava-25.0-jre.jar;C:\Users\agaev\.m2\repository\org\checkerframework\checker-compat-qual\2.0.0\checker-compat-qual-2.0.0.jar;C:\Users\agaev\.m2\repository\com\google\errorprone\error_prone_annotations\2.1.3\error_prone_annotations-2.1.3.jar;C:\Users\agaev\.m2\repository\com\google\j2objc\j2objc-annotations\1.1\j2objc-annotations-1.1.jar;C:\Users\agaev\.m2\repository\org\codehaus\mojo\animal-sniffer-annotations\1.14\animal-sniffer-annotations-1.14.jar;C:\Users\agaev\.m2\repository\com\squareup\okhttp3\okhttp\3.11.0\okhttp-3.11.0.jar;C:\Users\agaev\.m2\repository\com\squareup\okio\okio\1.14.0\okio-1.14.0.jar;C:\Users\agaev\.m2\repository\junit\junit\4.12\junit-4.12.jar;C:\Users\agaev\.m2\repository\org\hamcrest\hamcrest-core\1.3\hamcrest-core-1.3.jar;C:\Users\agaev\.m2\repository\com\beust\jcommander\1.72\jcommander-1.72.jar;C:\Users\agaev\.m2\repository\org\sonatype\sisu\sisu-inject-bean\1.4.2\sisu-inject-bean-1.4.2.jar;C:\Users\agaev\.m2\repository\org\sonatype\sisu\sisu-guice\2.1.7\sisu-guice-2.1.7-noaop.jar;C:\Users\agaev\.m2\repository\org\testng\testng\6.11\testng-6.11.jar;C:\Users\agaev\.m2\repository\org\yaml\snakeyaml\1.17\snakeyaml-1.17.jar;C:\Users\agaev\.m2\repository\com\google\code\findbugs\jsr305\1.3.9\jsr305-1.3.9.jar;C:\Users\agaev\.m2\repository\org\seleniumhq\selenium\selenium-chrome-driver\3.141.0\selenium-chrome-driver-3.141.0.jar;C:\Users\agaev\.m2\repository\org\seleniumhq\selenium\selenium-firefox-driver\3.141.0\selenium-firefox-driver-3.141.0.jar;C:\Users\agaev\Desktop\commondeer.com\generic\target\classes;C:\Users\agaev\.m2\repository\org\seleniumhq\selenium\selenium-java\3.14.0\selenium-java-3.14.0.jar;C:\Users\agaev\.m2\repository\org\seleniumhq\selenium\selenium-edge-driver\3.14.0\selenium-edge-driver-3.14.0.jar;C:\Users\agaev\.m2\repository\org\seleniumhq\selenium\selenium-ie-driver\3.14.0\selenium-ie-driver-3.14.0.jar;C:\Users\agaev\.m2\repository\org\seleniumhq\selenium\selenium-opera-driver\3.14.0\selenium-opera-driver-3.14.0.jar;C:\Users\agaev\.m2\repository\org\seleniumhq\selenium\selenium-safari-driver\3.14.0\selenium-safari-driver-3.14.0.jar;C:\Users\agaev\.m2\repository\commons-codec\commons-codec\1.10\commons-codec-1.10.jar;C:\Users\agaev\.m2\repository\commons-logging\commons-logging\1.2\commons-logging-1.2.jar;C:\Users\agaev\.m2\repository\org\apache\httpcomponents\httpclient\4.5.5\httpclient-4.5.5.jar;C:\Users\agaev\.m2\repository\org\apache\httpcomponents\httpcore\4.4.9\httpcore-4.4.9.jar;C:\Users\agaev\.m2\repository\org\apache\maven\plugins\maven-surefire-plugin\2.20.1\maven-surefire-plugin-2.20.1.jar;C:\Users\agaev\.m2\repository\org\apache\maven\surefire\maven-surefire-common\2.20.1\maven-surefire-common-2.20.1.jar;C:\Users\agaev\.m2\repository\org\apache\maven\maven-plugin-api\2.2.1\maven-plugin-api-2.2.1.jar;C:\Users\agaev\.m2\repository\org\apache\maven\plugin-tools\maven-plugin-annotations\3.3\maven-plugin-annotations-3.3.jar;C:\Users\agaev\.m2\repository\org\apache\maven\surefire\surefire-api\2.20.1\surefire-api-2.20.1.jar;C:\Users\agaev\.m2\repository\org\apache\maven\surefire\surefire-logger-api\2.20.1\surefire-logger-api-2.20.1.jar;C:\Users\agaev\.m2\repository\org\apache\maven\surefire\surefire-booter\2.20.1\surefire-booter-2.20.1.jar;C:\Users\agaev\.m2\repository\org\apache\maven\maven-artifact\2.2.1\maven-artifact-2.2.1.jar;C:\Users\agaev\.m2\repository\org\codehaus\plexus\plexus-utils\1.5.15\plexus-utils-1.5.15.jar;C:\Users\agaev\.m2\repository\org\apache\maven\maven-plugin-descriptor\2.2.1\maven-plugin-descriptor-2.2.1.jar;C:\Users\agaev\.m2\repository\org\codehaus\plexus\plexus-container-default\1.0-alpha-9-stable-1\plexus-container-default-1.0-alpha-9-stable-1.jar;C:\Users\agaev\.m2\repository\org\apache\maven\maven-project\2.2.1\maven-project-2.2.1.jar;C:\Users\agaev\.m2\repository\org\apache\maven\maven-settings\2.2.1\maven-settings-2.2.1.jar;C:\Users\agaev\.m2\repository\org\apache\maven\maven-profile\2.2.1\maven-profile-2.2.1.jar;C:\Users\agaev\.m2\repository\org\apache\maven\maven-artifact-manager\2.2.1\maven-artifact-manager-2.2.1.jar;C:\Users\agaev\.m2\repository\backport-util-concurrent\backport-util-concurrent\3.1\backport-util-concurrent-3.1.jar;C:\Users\agaev\.m2\repository\org\apache\maven\maven-plugin-registry\2.2.1\maven-plugin-registry-2.2.1.jar;C:\Users\agaev\.m2\repository\org\codehaus\plexus\plexus-interpolation\1.11\plexus-interpolation-1.11.jar;C:\Users\agaev\.m2\repository\org\apache\maven\maven-model\2.2.1\maven-model-2.2.1.jar;C:\Users\agaev\.m2\repository\org\apache\maven\maven-core\2.2.1\maven-core-2.2.1.jar;C:\Users\agaev\.m2\repository\org\apache\maven\maven-plugin-parameter-documenter\2.2.1\maven-plugin-parameter-documenter-2.2.1.jar;C:\Users\agaev\.m2\repository\org\apache\maven\wagon\wagon-http\1.0-beta-6\wagon-http-1.0-beta-6.jar;C:\Users\agaev\.m2\repository\org\apache\maven\wagon\wagon-http-shared\1.0-beta-6\wagon-http-shared-1.0-beta-6.jar;C:\Users\agaev\.m2\repository\nekohtml\xercesMinimal\1.9.6.2\xercesMinimal-1.9.6.2.jar;C:\Users\agaev\.m2\repository\nekohtml\nekohtml\1.9.6.2\nekohtml-1.9.6.2.jar;C:\Users\agaev\.m2\repository\commons-httpclient\commons-httpclient\3.1\commons-httpclient-3.1.jar;C:\Users\agaev\.m2\repository\org\apache\maven\wagon\wagon-webdav-jackrabbit\1.0-beta-6\wagon-webdav-jackrabbit-1.0-beta-6.jar;C:\Users\agaev\.m2\repository\org\apache\jackrabbit\jackrabbit-webdav\1.5.0\jackrabbit-webdav-1.5.0.jar;C:\Users\agaev\.m2\repository\org\apache\jackrabbit\jackrabbit-jcr-commons\1.5.0\jackrabbit-jcr-commons-1.5.0.jar;C:\Users\agaev\.m2\repository\org\slf4j\slf4j-nop\1.5.3\slf4j-nop-1.5.3.jar;C:\Users\agaev\.m2\repository\org\slf4j\slf4j-jdk14\1.5.6\slf4j-jdk14-1.5.6.jar;C:\Users\agaev\.m2\repository\org\slf4j\slf4j-api\1.5.6\slf4j-api-1.5.6.jar;C:\Users\agaev\.m2\repository\org\slf4j\jcl-over-slf4j\1.5.6\jcl-over-slf4j-1.5.6.jar;C:\Users\agaev\.m2\repository\org\apache\maven\reporting\maven-reporting-api\2.2.1\maven-reporting-api-2.2.1.jar;C:\Users\agaev\.m2\repository\org\apache\maven\doxia\doxia-logging-api\1.1\doxia-logging-api-1.1.jar;C:\Users\agaev\.m2\repository\org\apache\maven\wagon\wagon-provider-api\1.0-beta-6\wagon-provider-api-1.0-beta-6.jar;C:\Users\agaev\.m2\repository\org\apache\maven\maven-repository-metadata\2.2.1\maven-repository-metadata-2.2.1.jar;C:\Users\agaev\.m2\repository\org\apache\maven\maven-error-diagnostics\2.2.1\maven-error-diagnostics-2.2.1.jar;C:\Users\agaev\.m2\repository\org\apache\maven\maven-monitor\2.2.1\maven-monitor-2.2.1.jar;C:\Users\agaev\.m2\repository\classworlds\classworlds\1.1\classworlds-1.1.jar;C:\Users\agaev\.m2\repository\org\sonatype\plexus\plexus-sec-dispatcher\1.3\plexus-sec-dispatcher-1.3.jar;C:\Users\agaev\.m2\repository\org\sonatype\plexus\plexus-cipher\1.4\plexus-cipher-1.4.jar;C:\Users\agaev\.m2\repository\org\apache\maven\maven-toolchain\2.2.1\maven-toolchain-2.2.1.jar;C:\Users\agaev\.m2\repository\org\apache\poi\poi\3.17\poi-3.17.jar;C:\Users\agaev\.m2\repository\org\apache\commons\commons-collections4\4.1\commons-collections4-4.1.jar;C:\Users\agaev\.m2\repository\org\apache\poi\poi-ooxml\3.17\poi-ooxml-3.17.jar;C:\Users\agaev\.m2\repository\org\apache\poi\poi-ooxml-schemas\3.17\poi-ooxml-schemas-3.17.jar;C:\Users\agaev\.m2\repository\org\apache\xmlbeans\xmlbeans\2.6.0\xmlbeans-2.6.0.jar;C:\Users\agaev\.m2\repository\stax\stax-api\1.0.1\stax-api-1.0.1.jar;C:\Users\agaev\.m2\repository\com\github\virtuald\curvesapi\1.04\curvesapi-1.04.jar;C:\Users\agaev\.m2\repository\com\aventstack\extentreports\3.0.7\extentreports-3.0.7.jar;C:\Users\agaev\.m2\repository\org\freemarker\freemarker\2.3.23\freemarker-2.3.23.jar;C:\Users\agaev\.m2\repository\org\mongodb\mongodb-driver\3.3.0\mongodb-driver-3.3.0.jar;C:\Users\agaev\.m2\repository\org\mongodb\bson\3.3.0\bson-3.3.0.jar;C:\Users\agaev\.m2\repository\org\mongodb\mongodb-driver-core\3.3.0\mongodb-driver-core-3.3.0.jar;C:\Users\agaev\.m2\repository\org\apache\httpcomponents\httpmime\4.5.2\httpmime-4.5.2.jar;C:\Users\agaev\.m2\repository\org\jsoup\jsoup\1.9.2\jsoup-1.9.2.jar;C:\Users\agaev\.m2\repository\com\google\code\gson\gson\2.8.0\gson-2.8.0.jar;C:\Users\agaev\.m2\repository\com\relevantcodes\extentreports\2.41.1\extentreports-2.41.1.jar;C:\Users\agaev\.m2\repository\org\xerial\sqlite-jdbc\3.8.11.1\sqlite-jdbc-3.8.11.1.jar;C:\Users\agaev\.m2\repository\com\google\api-client\google-api-client\1.23.0\google-api-client-1.23.0.jar;C:\Users\agaev\.m2\repository\com\google\oauth-client\google-oauth-client\1.23.0\google-oauth-client-1.23.0.jar;C:\Users\agaev\.m2\repository\com\google\http-client\google-http-client\1.23.0\google-http-client-1.23.0.jar;C:\Users\agaev\.m2\repository\com\google\http-client\google-http-client-jackson2\1.23.0\google-http-client-jackson2-1.23.0.jar;C:\Users\agaev\.m2\repository\com\fasterxml\jackson\core\jackson-core\2.1.3\jackson-core-2.1.3.jar;C:\Users\agaev\.m2\repository\com\google\guava\guava-jdk5\17.0\guava-jdk5-17.0.jar;C:\Users\agaev\.m2\repository\com\google\oauth-client\google-oauth-client-jetty\1.23.0\google-oauth-client-jetty-1.23.0.jar;C:\Users\agaev\.m2\repository\com\google\oauth-client\google-oauth-client-java6\1.23.0\google-oauth-client-java6-1.23.0.jar;C:\Users\agaev\.m2\repository\org\mortbay\jetty\jetty\6.1.26\jetty-6.1.26.jar;C:\Users\agaev\.m2\repository\org\mortbay\jetty\jetty-util\6.1.26\jetty-util-6.1.26.jar;C:\Users\agaev\.m2\repository\org\mortbay\jetty\servlet-api\2.5-20081211\servlet-api-2.5-20081211.jar;C:\Users\agaev\.m2\repository\com\google\apis\google-api-services-sheets\v4-rev498-1.23.0\google-api-services-sheets-v4-rev498-1.23.0.jar;C:\Users\agaev\.m2\repository\org\apache\maven\surefire\surefire-testng-utils\2.20.1\surefire-testng-utils-2.20.1.jar;C:\Users\agaev\.m2\repository\org\apache\maven\surefire\surefire-grouper\2.20.1\surefire-grouper-2.20.1.jar;"/>
    <property name="sun.cpu.endian" value="little"/>
    <property name="user.home" value="C:\Users\agaev"/>
    <property name="user.language" value="en"/>
    <property name="java.specification.vendor" value="Oracle Corporation"/>
    <property name="java.home" value="C:\Program Files\Java\jdk1.8.0_192\jre"/>
    <property name="basedir" value="C:\Users\agaev\Desktop\commondeer.com\toExecute"/>
    <property name="file.separator" value="\"/>
    <property name="line.separator" value="&#10;"/>
    <property name="java.vm.specification.vendor" value="Oracle Corporation"/>
    <property name="java.specification.name" value="Java Platform API Specification"/>
    <property name="java.awt.graphicsenv" value="sun.awt.Win32GraphicsEnvironment"/>
    <property name="surefire.real.class.path" value="C:\Users\agaev\AppData\Local\Temp\surefire3136433681549152829\surefirebooter180240751836409179.jar"/>
    <property name="sun.boot.class.path" value="C:\Program Files\Java\jdk1.8.0_192\jre\lib\resources.jar;C:\Program Files\Java\jdk1.8.0_192\jre\lib\rt.jar;C:\Program Files\Java\jdk1.8.0_192\jre\lib\sunrsasign.jar;C:\Program Files\Java\jdk1.8.0_192\jre\lib\jsse.jar;C:\Program Files\Java\jdk1.8.0_192\jre\lib\jce.jar;C:\Program Files\Java\jdk1.8.0_192\jre\lib\charsets.jar;C:\Program Files\Java\jdk1.8.0_192\jre\lib\jfr.jar;C:\Program Files\Java\jdk1.8.0_192\jre\classes"/>
    <property name="user.script" value=""/>
    <property name="sun.management.compiler" value="HotSpot 64-Bit Tiered Compilers"/>
    <property name="java.runtime.version" value="1.8.0_192-b12"/>
    <property name="user.name" value="agaev"/>
    <property name="path.separator" value=";"/>
    <property name="os.version" value="10.0"/>
    <property name="java.endorsed.dirs" value="C:\Program Files\Java\jdk1.8.0_192\jre\lib\endorsed"/>
    <property name="java.runtime.name" value="Java(TM) SE Runtime Environment"/>
    <property name="file.encoding" value="Cp1252"/>
    <property name="java.vm.name" value="Java HotSpot(TM) 64-Bit Server VM"/>
    <property name="localRepository" value="C:\Users\agaev\.m2\repository"/>
    <property name="java.vendor.url.bug" value="http://bugreport.sun.com/bugreport/"/>
    <property name="java.io.tmpdir" value="C:\Users\agaev\AppData\Local\Temp\"/>
    <property name="java.version" value="1.8.0_192"/>
    <property name="user.dir" value="C:\Users\agaev\Desktop\commondeer.com\toExecute"/>
    <property name="os.arch" value="amd64"/>
    <property name="java.vm.specification.name" value="Java Virtual Machine Specification"/>
    <property name="java.awt.printerjob" value="sun.awt.windows.WPrinterJob"/>
    <property name="sun.os.patch.level" value=""/>
    <property name="java.library.path" value="C:\Program Files\Java\jdk1.8.0_192\jre\bin;C:\Windows\Sun\Java\bin;C:\Windows\system32;C:\Windows;C:\Program Files (x86)\Common Files\Oracle\Java\javapath;C:\Program Files (x86)\Intel\Intel(R) Management Engine Components\iCLS\;C:\Program Files\Intel\Intel(R) Management Engine Components\iCLS\;C:\Windows\system32;C:\Windows;C:\Windows\System32\Wbem;C:\Windows\System32\WindowsPowerShell\v1.0\;C:\Windows\System32\OpenSSH\;C:\Program Files (x86)\Intel\Intel(R) Management Engine Components\DAL;C:\Program Files\Intel\Intel(R) Management Engine Components\DAL;C:\Program Files (x86)\Intel\Intel(R) Management Engine Components\IPT;C:\Program Files\Intel\Intel(R) Management Engine Components\IPT;C:\Program Files\Java\jdk1.8.0_192\bin;C:\Program Files\Git\cmd;C:\Program Files\MySQL\MySQL Server 8.0\bin;C:\mongoDb\bin;C:\Program Files (x86)\Jenkins\tools\hudson.tasks.Maven_MavenInstallation\maven\bin;C:\Users\agaev\AppData\Local\Microsoft\WindowsApps;C:\Users\agaev\AppData\Local\Programs\Microsoft VS Code\bin;C:\Program Files\Java\jdk1.8.0_192\bin;C:\Users\agaev\AppData\Local\GitHubDesktop\bin;."/>
    <property name="java.vm.info" value="mixed mode"/>
    <property name="java.vendor" value="Oracle Corporation"/>
    <property name="java.vm.version" value="25.192-b12"/>
    <property name="java.ext.dirs" value="C:\Program Files\Java\jdk1.8.0_192\jre\lib\ext;C:\Windows\Sun\Java\lib\ext"/>
    <property name="sun.io.unicode.encoding" value="UnicodeLittle"/>
    <property name="java.class.version" value="52.0"/>
  </properties>
  <testcase name="invalidSignin" classname="com.commondeer.retailtest.LoginTest" time="1.907"/>
  <testcase name="invalidSignin" classname="com.commondeer.retailtest.LoginTest" time="2.45"/>
  <testcase name="invalidSignin" classname="com.commondeer.retailtest.LoginTest" time="1.711"/>
  <testcase name="invalidPromoCode" classname="com.commondeer.retailtest.CustomerInformationPageTest" time="21.246"/>
  <testcase name="invalidPromoCode" classname="com.commondeer.retailtest.CustomerInformationPageTest" time="13.338"/>
  <testcase name="invalidPromoCode" classname="com.commondeer.retailtest.CustomerInformationPageTest" time="26.345"/>
  <testcase name="invalidPromoCode" classname="com.commondeer.retailtest.CustomerInformationPageTest" time="13.573"/>
  <testcase name="countLiTest" classname="com.commondeer.retailtest.FootterPageTest" time="0.233"/>
  <testcase name="invalidSignin" classname="com.commondeer.retailtest.GoogleSheetForLogInTest" time="2.146"/>
  <testcase name="invalidSignin" classname="com.commondeer.retailtest.GoogleSheetForLogInTest" time="2.763"/>
  <testcase name="invalidSignin" classname="com.commondeer.retailtest.GoogleSheetForLogInTest" time="2.712"/>
  <testcase name="searchTest" classname="com.commondeer.retailtest.HomePageTest" time="2.596"/>
  <testcase name="dropDownSearchFuncTest" classname="com.commondeer.retailtest.HomePageTest" time="0.864"/>
  <testcase name="createNewAccountTest" classname="com.commondeer.retailtest.CreateAccountTest" time="2.305"/>
  <testcase name="sortByTest" classname="com.commondeer.retailtest.AllProductPageTest" time="3.766"/>
  <testcase name="selectItemToshoppingListTest" classname="com.commondeer.retailtest.AllProductPageTest" time="3.431"/>
  <testcase name="checkOutFuncTest" classname="com.commondeer.retailtest.ShoppingCardTest" time="7.526"/>
</testsuite>